#
# There is insufficient memory for the Java Runtime Environment to continue.
# Native memory allocation (mmap) failed to map 65536 bytes for Failed to commit metaspace.
# Possible reasons:
#   The system is out of physical RAM or swap space
#   The process is running with CompressedOops enabled, and the Java Heap may be blocking the growth of the native heap
# Possible solutions:
#   Reduce memory load on the system
#   Increase physical memory or swap space
#   Check if swap backing store is full
#   Decrease Java heap size (-Xmx/-Xms)
#   Decrease number of Java threads
#   Decrease Java thread stack sizes (-Xss)
#   Set larger code cache with -XX:ReservedCodeCacheSize=
#   JVM is running with Unscaled Compressed Oops mode in which the Java heap is
#     placed in the first 4GB address space. The Java Heap base address is the
#     maximum limit for the native heap growth. Please use -XX:HeapBaseMinAddress
#     to set the Java Heap base and to place the Java Heap above 4GB virtual address.
# This output file may be truncated or incomplete.
#
#  Out of Memory Error (virtualSpaceNode.cpp:110), pid=14208, tid=7280
#
# JRE version: OpenJDK Runtime Environment Temurin-17.0.1+12 (17.0.1+12) (build 17.0.1+12)
# Java VM: OpenJDK 64-Bit Server VM Temurin-17.0.1+12 (17.0.1+12, mixed mode, tiered, compressed oops, compressed class ptrs, g1 gc, windows-amd64)
# No core dump will be written. Minidumps are not enabled by default on client versions of Windows
#

---------------  S U M M A R Y ------------

Command Line: -Dfile.encoding=Cp1252 -XX:+ShowCodeDetailsInExceptionMessages Main

Host: AMD Ryzen 5 3500U with Radeon Vega Mobile Gfx  , 8 cores, 5G,  Windows 10 , 64 bit Build 22621 (10.0.22621.2506)
Time: Sat Feb 17 16:47:48 2024 Sri Lanka Standard Time elapsed time: 0.651356 seconds (0d 0h 0m 0s)

---------------  T H R E A D  ---------------

Current thread (0x000001a7e4e72c80):  JavaThread "AWT-EventQueue-0" [_thread_in_vm, id=7280, stack(0x000000a347600000,0x000000a347700000)]

Stack: [0x000000a347600000,0x000000a347700000]
Native frames: (J=compiled Java code, j=interpreted, Vv=VM code, C=native code)
V  [jvm.dll+0x6744da]
V  [jvm.dll+0x82e144]
V  [jvm.dll+0x82f8ee]
V  [jvm.dll+0x82ff53]
V  [jvm.dll+0x245175]
V  [jvm.dll+0x82a0eb]
V  [jvm.dll+0x619566]
V  [jvm.dll+0x6195ca]
V  [jvm.dll+0x61bdea]
V  [jvm.dll+0x619f06]
V  [jvm.dll+0x2396df]
V  [jvm.dll+0x623b45]
V  [jvm.dll+0x1e9e4b]
V  [jvm.dll+0x1ea385]
V  [jvm.dll+0x1eadbf]
V  [jvm.dll+0x1e0261]
V  [jvm.dll+0x53b150]
V  [jvm.dll+0x1f0a57]
V  [jvm.dll+0x7a87ab]
V  [jvm.dll+0x7a9b52]
V  [jvm.dll+0x7a9e88]
V  [jvm.dll+0x23d45e]
V  [jvm.dll+0x23d6af]
V  [jvm.dll+0x558788]
V  [jvm.dll+0x55b5f0]
V  [jvm.dll+0x382617]
V  [jvm.dll+0x381c6f]
C  0x000001a7cebca56c

Java frames: (J=compiled Java code, j=interpreted, Vv=VM code)
j  java.util.Arrays.sort([Ljava/lang/Object;Ljava/util/Comparator;)V+33 java.base@17.0.1
j  sun.java2d.loops.GraphicsPrimitiveMgr.locate(Lsun/java2d/loops/GraphicsPrimitiveMgr$PrimitiveSpec;)Lsun/java2d/loops/GraphicsPrimitive;+47 java.desktop@17.0.1
j  sun.java2d.loops.GraphicsPrimitiveMgr.locatePrim(ILsun/java2d/loops/SurfaceType;Lsun/java2d/loops/CompositeType;Lsun/java2d/loops/SurfaceType;)Lsun/java2d/loops/GraphicsPrimitive;+50 java.desktop@17.0.1
j  sun.java2d.loops.MaskFill.locatePrim(Lsun/java2d/loops/SurfaceType;Lsun/java2d/loops/CompositeType;Lsun/java2d/loops/SurfaceType;)Lsun/java2d/loops/MaskFill;+6 java.desktop@17.0.1
j  sun.java2d.loops.MaskFill.getFromCache(Lsun/java2d/loops/SurfaceType;Lsun/java2d/loops/CompositeType;Lsun/java2d/loops/SurfaceType;)Lsun/java2d/loops/MaskFill;+22 java.desktop@17.0.1
j  sun.java2d.SurfaceData.getMaskFill(Lsun/java2d/SunGraphics2D;)Lsun/java2d/loops/MaskFill;+20 java.desktop@17.0.1
j  sun.java2d.d3d.D3DSurfaceData.getMaskFill(Lsun/java2d/SunGraphics2D;)Lsun/java2d/loops/MaskFill;+31 java.desktop@17.0.1
j  sun.java2d.SurfaceData.validatePipe(Lsun/java2d/SunGraphics2D;)V+563 java.desktop@17.0.1
j  sun.java2d.d3d.D3DSurfaceData.validatePipe(Lsun/java2d/SunGraphics2D;)V+97 java.desktop@17.0.1
j  sun.java2d.SunGraphics2D.validatePipe()V+26 java.desktop@17.0.1
j  sun.java2d.pipe.ValidatePipe.validate(Lsun/java2d/SunGraphics2D;)Z+1 java.desktop@17.0.1
j  sun.java2d.pipe.ValidatePipe.fillRect(Lsun/java2d/SunGraphics2D;IIII)V+2 java.desktop@17.0.1
j  sun.java2d.SunGraphics2D.fillRect(IIII)V+10 java.desktop@17.0.1
j  javax.swing.plaf.metal.MetalUtils$GradientPainter.drawVerticalGradient(Ljava/awt/Graphics2D;FFLjava/awt/Color;Ljava/awt/Color;Ljava/awt/Color;II)V+46 java.desktop@17.0.1
j  javax.swing.plaf.metal.MetalUtils$GradientPainter.paintToImage(Ljava/awt/Component;Ljava/awt/Image;Ljava/awt/Graphics;II[Ljava/lang/Object;)V+100 java.desktop@17.0.1
j  sun.swing.CachedPainter.getImage(Ljava/lang/Object;Ljava/awt/Component;IIII[Ljava/lang/Object;)Ljava/awt/Image;+441 java.desktop@17.0.1
j  sun.swing.CachedPainter$PainterMultiResolutionCachedImage.getResolutionVariant(DD)Ljava/awt/Image;+40 java.desktop@17.0.1
j  sun.java2d.SunGraphics2D.getResolutionVariant(Ljava/awt/image/MultiResolutionImage;IIIIIIIIIILjava/awt/geom/AffineTransform;)Ljava/awt/Image;+291 java.desktop@17.0.1
j  sun.java2d.SunGraphics2D.drawHiDPIImage(Ljava/awt/Image;IIIIIIIILjava/awt/Color;Ljava/awt/image/ImageObserver;Ljava/awt/geom/AffineTransform;)Ljava/lang/Boolean;+218 java.desktop@17.0.1
j  sun.java2d.SunGraphics2D.drawImage(Ljava/awt/Image;IIIIIIIILjava/awt/Color;Ljava/awt/image/ImageObserver;)Z+55 java.desktop@17.0.1
j  sun.java2d.SunGraphics2D.drawImage(Ljava/awt/Image;IIIIIIIILjava/awt/image/ImageObserver;)Z+19 java.desktop@17.0.1
j  javax.swing.plaf.metal.MetalUtils$GradientPainter.paintImage(Ljava/awt/Component;Ljava/awt/Graphics;IIIILjava/awt/Image;[Ljava/lang/Object;)V+74 java.desktop@17.0.1
j  sun.swing.CachedPainter.paint0(Ljava/awt/Component;Ljava/awt/Graphics;IIII[Ljava/lang/Object;)V+106 java.desktop@17.0.1
j  sun.swing.CachedPainter.paint(Ljava/awt/Component;Ljava/awt/Graphics;IIII[Ljava/lang/Object;)V+29 java.desktop@17.0.1
j  javax.swing.plaf.metal.MetalUtils$GradientPainter.paint(Ljava/awt/Component;Ljava/awt/Graphics2D;Ljava/util/List;IIIIZ)V+71 java.desktop@17.0.1
j  javax.swing.plaf.metal.MetalUtils.drawGradient(Ljava/awt/Component;Ljava/awt/Graphics;Ljava/lang/String;IIIIZ)Z+54 java.desktop@17.0.1
j  javax.swing.plaf.metal.MetalButtonUI.update(Ljava/awt/Graphics;Ljavax/swing/JComponent;)V+77 java.desktop@17.0.1
j  javax.swing.JComponent.paintComponent(Ljava/awt/Graphics;)V+26 java.desktop@17.0.1
j  javax.swing.JComponent.paint(Ljava/awt/Graphics;)V+286 java.desktop@17.0.1
j  javax.swing.JComponent.paintChildren(Ljava/awt/Graphics;)V+523 java.desktop@17.0.1
j  javax.swing.JComponent.paint(Ljava/awt/Graphics;)V+318 java.desktop@17.0.1
j  javax.swing.JComponent.paintChildren(Ljava/awt/Graphics;)V+523 java.desktop@17.0.1
j  javax.swing.JComponent.paint(Ljava/awt/Graphics;)V+318 java.desktop@17.0.1
j  javax.swing.JLayeredPane.paint(Ljava/awt/Graphics;)V+73 java.desktop@17.0.1
j  javax.swing.JComponent.paintChildren(Ljava/awt/Graphics;)V+523 java.desktop@17.0.1
j  javax.swing.JComponent.paintToOffscreen(Ljava/awt/Graphics;IIIIII)V+72 java.desktop@17.0.1
j  javax.swing.RepaintManager$PaintManager.paintDoubleBufferedFPScales(Ljavax/swing/JComponent;Ljava/awt/Image;Ljava/awt/Graphics;IIII)V+320 java.desktop@17.0.1
j  javax.swing.RepaintManager$PaintManager.paintDoubleBuffered(Ljavax/swing/JComponent;Ljava/awt/Image;Ljava/awt/Graphics;IIII)V+28 java.desktop@17.0.1
j  javax.swing.RepaintManager$PaintManager.paint(Ljavax/swing/JComponent;Ljavax/swing/JComponent;Ljava/awt/Graphics;IIII)Z+128 java.desktop@17.0.1
j  javax.swing.RepaintManager.paint(Ljavax/swing/JComponent;Ljavax/swing/JComponent;Ljava/awt/Graphics;IIII)V+52 java.desktop@17.0.1
j  javax.swing.JComponent.paint(Ljava/awt/Graphics;)V+221 java.desktop@17.0.1
j  java.awt.GraphicsCallback$PaintCallback.run(Ljava/awt/Component;Ljava/awt/Graphics;)V+2 java.desktop@17.0.1
j  sun.awt.SunGraphicsCallback.runOneComponent(Ljava/awt/Component;Ljava/awt/Rectangle;Ljava/awt/Graphics;Ljava/awt/Shape;I)V+130 java.desktop@17.0.1
j  sun.awt.SunGraphicsCallback.runComponents([Ljava/awt/Component;Ljava/awt/Graphics;I)V+157 java.desktop@17.0.1
j  java.awt.Container.paint(Ljava/awt/Graphics;)V+58 java.desktop@17.0.1
j  java.awt.Window.paint(Ljava/awt/Graphics;)V+68 java.desktop@17.0.1
j  javax.swing.RepaintManager$4.run()Ljava/lang/Void;+142 java.desktop@17.0.1
j  javax.swing.RepaintManager$4.run()Ljava/lang/Object;+1 java.desktop@17.0.1
j  java.security.AccessController.executePrivileged(Ljava/security/PrivilegedAction;Ljava/security/AccessControlContext;Ljava/lang/Class;)Ljava/lang/Object;+29 java.base@17.0.1
j  java.security.AccessController.doPrivileged(Ljava/security/PrivilegedAction;Ljava/security/AccessControlContext;)Ljava/lang/Object;+13 java.base@17.0.1
j  java.security.ProtectionDomain$JavaSecurityAccessImpl.doIntersectionPrivilege(Ljava/security/PrivilegedAction;Ljava/security/AccessControlContext;Ljava/security/AccessControlContext;)Ljava/lang/Object;+18 java.base@17.0.1
j  javax.swing.RepaintManager.paintDirtyRegions(Ljava/util/Map;)V+154 java.desktop@17.0.1
j  javax.swing.RepaintManager.paintDirtyRegions()V+46 java.desktop@17.0.1
j  javax.swing.RepaintManager.prePaintDirtyRegions()V+73 java.desktop@17.0.1
j  javax.swing.RepaintManager$ProcessingRunnable.run()V+37 java.desktop@17.0.1
j  java.awt.event.InvocationEvent.dispatch()V+47 java.desktop@17.0.1
j  java.awt.EventQueue.dispatchEventImpl(Ljava/awt/AWTEvent;Ljava/lang/Object;)V+21 java.desktop@17.0.1
j  java.awt.EventQueue$4.run()Ljava/lang/Void;+32 java.desktop@17.0.1
j  java.awt.EventQueue$4.run()Ljava/lang/Object;+1 java.desktop@17.0.1
j  java.security.AccessController.executePrivileged(Ljava/security/PrivilegedAction;Ljava/security/AccessControlContext;Ljava/lang/Class;)Ljava/lang/Object;+29 java.base@17.0.1
j  java.security.AccessController.doPrivileged(Ljava/security/PrivilegedAction;Ljava/security/AccessControlContext;)Ljava/lang/Object;+13 java.base@17.0.1
j  java.security.ProtectionDomain$JavaSecurityAccessImpl.doIntersectionPrivilege(Ljava/security/PrivilegedAction;Ljava/security/AccessControlContext;Ljava/security/AccessControlContext;)Ljava/lang/Object;+18 java.base@17.0.1
j  java.awt.EventQueue.dispatchEvent(Ljava/awt/AWTEvent;)V+46 java.desktop@17.0.1
j  java.awt.EventDispatchThread.pumpOneEventForFilters(I)V+78 java.desktop@17.0.1
j  java.awt.EventDispatchThread.pumpEventsForFilter(ILjava/awt/Conditional;Ljava/awt/EventFilter;)V+35 java.desktop@17.0.1
j  java.awt.EventDispatchThread.pumpEventsForHierarchy(ILjava/awt/Conditional;Ljava/awt/Component;)V+11 java.desktop@17.0.1
j  java.awt.EventDispatchThread.pumpEvents(ILjava/awt/Conditional;)V+4 java.desktop@17.0.1
j  java.awt.EventDispatchThread.pumpEvents(Ljava/awt/Conditional;)V+3 java.desktop@17.0.1
j  java.awt.EventDispatchThread.run()V+9 java.desktop@17.0.1
v  ~StubRoutines::call_stub

---------------  P R O C E S S  ---------------

Threads class SMR info:
_java_thread_list=0x000001a7e5489e60, length=17, elements={
0x000001a7e4188a70, 0x000001a7e41898e0, 0x000001a7e41f86f0, 0x000001a7e4c00080,
0x000001a7e4c02a40, 0x000001a7e4c03600, 0x000001a7e4c17c80, 0x000001a7e4c191a0,
0x000001a7e4c1bad0, 0x000001a7e4d6cbe0, 0x000001a7e4d727b0, 0x000001a7e4e71940,
0x000001a7e4e70fa0, 0x000001a7e4e71e10, 0x000001a7e4e72c80, 0x000001a7e4e73150,
0x000001a7e4e73fc0
}

Java Threads: ( => current thread )
  0x000001a7e4188a70 JavaThread "Reference Handler" daemon [_thread_blocked, id=12764, stack(0x000000a345f00000,0x000000a346000000)]
  0x000001a7e41898e0 JavaThread "Finalizer" daemon [_thread_blocked, id=8836, stack(0x000000a346000000,0x000000a346100000)]
  0x000001a7e41f86f0 JavaThread "Signal Dispatcher" daemon [_thread_blocked, id=14060, stack(0x000000a346100000,0x000000a346200000)]
  0x000001a7e4c00080 JavaThread "Attach Listener" daemon [_thread_blocked, id=3908, stack(0x000000a346200000,0x000000a346300000)]
  0x000001a7e4c02a40 JavaThread "Service Thread" daemon [_thread_blocked, id=4376, stack(0x000000a346300000,0x000000a346400000)]
  0x000001a7e4c03600 JavaThread "Monitor Deflation Thread" daemon [_thread_blocked, id=6704, stack(0x000000a346400000,0x000000a346500000)]
  0x000001a7e4c17c80 JavaThread "C2 CompilerThread0" daemon [_thread_blocked, id=10220, stack(0x000000a346500000,0x000000a346600000)]
  0x000001a7e4c191a0 JavaThread "C1 CompilerThread0" daemon [_thread_blocked, id=12912, stack(0x000000a346600000,0x000000a346700000)]
  0x000001a7e4c1bad0 JavaThread "Sweeper thread" daemon [_thread_blocked, id=9412, stack(0x000000a346700000,0x000000a346800000)]
  0x000001a7e4d6cbe0 JavaThread "Notification Thread" daemon [_thread_blocked, id=3664, stack(0x000000a346800000,0x000000a346900000)]
  0x000001a7e4d727b0 JavaThread "Common-Cleaner" daemon [_thread_blocked, id=15220, stack(0x000000a346a00000,0x000000a346b00000)]
  0x000001a7e4e71940 JavaThread "Java2D Disposer" daemon [_thread_blocked, id=5672, stack(0x000000a346b00000,0x000000a346c00000)]
  0x000001a7e4e70fa0 JavaThread "AWT-Shutdown" [_thread_blocked, id=7240, stack(0x000000a346c00000,0x000000a346d00000)]
  0x000001a7e4e71e10 JavaThread "AWT-Windows" daemon [_thread_in_native, id=14204, stack(0x000000a346d00000,0x000000a346e00000)]
=>0x000001a7e4e72c80 JavaThread "AWT-EventQueue-0" [_thread_in_vm, id=7280, stack(0x000000a347600000,0x000000a347700000)]
  0x000001a7e4e73150 JavaThread "D3D Screen Updater" daemon [_thread_blocked, id=1280, stack(0x000000a347700000,0x000000a347800000)]
  0x000001a7e4e73fc0 JavaThread "DestroyJavaVM" [_thread_blocked, id=4644, stack(0x000000a345800000,0x000000a345900000)]

Other Threads:
  0x000001a7e41852a0 VMThread "VM Thread" [stack: 0x000000a345e00000,0x000000a345f00000] [id=15724]
  0x000001a7e4d6f0c0 WatcherThread [stack: 0x000000a346900000,0x000000a346a00000] [id=5520]
  0x000001a7cb5456f0 GCTaskThread "GC Thread#0" [stack: 0x000000a345900000,0x000000a345a00000] [id=13908]
  0x000001a7cb5524b0 ConcurrentGCThread "G1 Main Marker" [stack: 0x000000a345a00000,0x000000a345b00000] [id=12564]
  0x000001a7cb554670 ConcurrentGCThread "G1 Conc#0" [stack: 0x000000a345b00000,0x000000a345c00000] [id=14512]
  0x000001a7cb5c8eb0 ConcurrentGCThread "G1 Refine#0" [stack: 0x000000a345c00000,0x000000a345d00000] [id=13048]
  0x000001a7cb5c98d0 ConcurrentGCThread "G1 Service" [stack: 0x000000a345d00000,0x000000a345e00000] [id=9276]

Threads with active compile tasks:

VM state: not at safepoint (normal execution)

VM Mutex/Monitor currently owned by a thread:  ([mutex/lock_event])
[0x000001a7cb50d220] Metaspace_lock - owner thread: 0x000001a7e4e72c80

Heap address: 0x00000000a0c00000, size: 1524 MB, Compressed Oops mode: 32-bit

CDS archive(s) not mapped
Compressed class space mapped at: 0x0000000100000000-0x0000000140000000, reserved size: 1073741824
Narrow klass base: 0x0000000000000000, Narrow klass shift: 3, Narrow klass range: 0x140000000

GC Precious Log:
 CPUs: 8 total, 8 available
 Memory: 6091M
 Large Page Support: Disabled
 NUMA Support: Disabled
 Compressed Oops: Enabled (32-bit)
 Heap Region Size: 1M
 Heap Min Capacity: 8M
 Heap Initial Capacity: 96M
 Heap Max Capacity: 1524M
 Pre-touch: Disabled
 Parallel Workers: 8
 Concurrent Workers: 2
 Concurrent Refinement Workers: 8
 Periodic GC: Disabled

Heap:
 garbage-first heap   total 98304K, used 5120K [0x00000000a0c00000, 0x0000000100000000)
  region size 1024K, 6 young (6144K), 0 survivors (0K)
 Metaspace       used 11404K, committed 11520K, reserved 1064960K
  class space    used 1131K, committed 1216K, reserved 1048576K

Heap Regions: E=young(eden), S=young(survivor), O=old, HS=humongous(starts), HC=humongous(continues), CS=collection set, F=free, OA=open archive, CA=closed archive, TAMS=top-at-mark-start (previous, next)
|   0|0x00000000a0c00000, 0x00000000a0c00000, 0x00000000a0d00000|  0%| F|  |TAMS 0x00000000a0c00000, 0x00000000a0c00000| Untracked 
|   1|0x00000000a0d00000, 0x00000000a0d00000, 0x00000000a0e00000|  0%| F|  |TAMS 0x00000000a0d00000, 0x00000000a0d00000| Untracked 
|   2|0x00000000a0e00000, 0x00000000a0e00000, 0x00000000a0f00000|  0%| F|  |TAMS 0x00000000a0e00000, 0x00000000a0e00000| Untracked 
|   3|0x00000000a0f00000, 0x00000000a0f00000, 0x00000000a1000000|  0%| F|  |TAMS 0x00000000a0f00000, 0x00000000a0f00000| Untracked 
|   4|0x00000000a1000000, 0x00000000a1000000, 0x00000000a1100000|  0%| F|  |TAMS 0x00000000a1000000, 0x00000000a1000000| Untracked 
|   5|0x00000000a1100000, 0x00000000a1100000, 0x00000000a1200000|  0%| F|  |TAMS 0x00000000a1100000, 0x00000000a1100000| Untracked 
|   6|0x00000000a1200000, 0x00000000a1200000, 0x00000000a1300000|  0%| F|  |TAMS 0x00000000a1200000, 0x00000000a1200000| Untracked 
|   7|0x00000000a1300000, 0x00000000a1300000, 0x00000000a1400000|  0%| F|  |TAMS 0x00000000a1300000, 0x00000000a1300000| Untracked 
|   8|0x00000000a1400000, 0x00000000a1400000, 0x00000000a1500000|  0%| F|  |TAMS 0x00000000a1400000, 0x00000000a1400000| Untracked 
|   9|0x00000000a1500000, 0x00000000a1500000, 0x00000000a1600000|  0%| F|  |TAMS 0x00000000a1500000, 0x00000000a1500000| Untracked 
|  10|0x00000000a1600000, 0x00000000a1600000, 0x00000000a1700000|  0%| F|  |TAMS 0x00000000a1600000, 0x00000000a1600000| Untracked 
|  11|0x00000000a1700000, 0x00000000a1700000, 0x00000000a1800000|  0%| F|  |TAMS 0x00000000a1700000, 0x00000000a1700000| Untracked 
|  12|0x00000000a1800000, 0x00000000a1800000, 0x00000000a1900000|  0%| F|  |TAMS 0x00000000a1800000, 0x00000000a1800000| Untracked 
|  13|0x00000000a1900000, 0x00000000a1900000, 0x00000000a1a00000|  0%| F|  |TAMS 0x00000000a1900000, 0x00000000a1900000| Untracked 
|  14|0x00000000a1a00000, 0x00000000a1a00000, 0x00000000a1b00000|  0%| F|  |TAMS 0x00000000a1a00000, 0x00000000a1a00000| Untracked 
|  15|0x00000000a1b00000, 0x00000000a1b00000, 0x00000000a1c00000|  0%| F|  |TAMS 0x00000000a1b00000, 0x00000000a1b00000| Untracked 
|  16|0x00000000a1c00000, 0x00000000a1c00000, 0x00000000a1d00000|  0%| F|  |TAMS 0x00000000a1c00000, 0x00000000a1c00000| Untracked 
|  17|0x00000000a1d00000, 0x00000000a1d00000, 0x00000000a1e00000|  0%| F|  |TAMS 0x00000000a1d00000, 0x00000000a1d00000| Untracked 
|  18|0x00000000a1e00000, 0x00000000a1e00000, 0x00000000a1f00000|  0%| F|  |TAMS 0x00000000a1e00000, 0x00000000a1e00000| Untracked 
|  19|0x00000000a1f00000, 0x00000000a1f00000, 0x00000000a2000000|  0%| F|  |TAMS 0x00000000a1f00000, 0x00000000a1f00000| Untracked 
|  20|0x00000000a2000000, 0x00000000a2000000, 0x00000000a2100000|  0%| F|  |TAMS 0x00000000a2000000, 0x00000000a2000000| Untracked 
|  21|0x00000000a2100000, 0x00000000a2100000, 0x00000000a2200000|  0%| F|  |TAMS 0x00000000a2100000, 0x00000000a2100000| Untracked 
|  22|0x00000000a2200000, 0x00000000a2200000, 0x00000000a2300000|  0%| F|  |TAMS 0x00000000a2200000, 0x00000000a2200000| Untracked 
|  23|0x00000000a2300000, 0x00000000a2300000, 0x00000000a2400000|  0%| F|  |TAMS 0x00000000a2300000, 0x00000000a2300000| Untracked 
|  24|0x00000000a2400000, 0x00000000a2400000, 0x00000000a2500000|  0%| F|  |TAMS 0x00000000a2400000, 0x00000000a2400000| Untracked 
|  25|0x00000000a2500000, 0x00000000a2500000, 0x00000000a2600000|  0%| F|  |TAMS 0x00000000a2500000, 0x00000000a2500000| Untracked 
|  26|0x00000000a2600000, 0x00000000a2600000, 0x00000000a2700000|  0%| F|  |TAMS 0x00000000a2600000, 0x00000000a2600000| Untracked 
|  27|0x00000000a2700000, 0x00000000a2700000, 0x00000000a2800000|  0%| F|  |TAMS 0x00000000a2700000, 0x00000000a2700000| Untracked 
|  28|0x00000000a2800000, 0x00000000a2800000, 0x00000000a2900000|  0%| F|  |TAMS 0x00000000a2800000, 0x00000000a2800000| Untracked 
|  29|0x00000000a2900000, 0x00000000a2900000, 0x00000000a2a00000|  0%| F|  |TAMS 0x00000000a2900000, 0x00000000a2900000| Untracked 
|  30|0x00000000a2a00000, 0x00000000a2a00000, 0x00000000a2b00000|  0%| F|  |TAMS 0x00000000a2a00000, 0x00000000a2a00000| Untracked 
|  31|0x00000000a2b00000, 0x00000000a2b00000, 0x00000000a2c00000|  0%| F|  |TAMS 0x00000000a2b00000, 0x00000000a2b00000| Untracked 
|  32|0x00000000a2c00000, 0x00000000a2c00000, 0x00000000a2d00000|  0%| F|  |TAMS 0x00000000a2c00000, 0x00000000a2c00000| Untracked 
|  33|0x00000000a2d00000, 0x00000000a2d00000, 0x00000000a2e00000|  0%| F|  |TAMS 0x00000000a2d00000, 0x00000000a2d00000| Untracked 
|  34|0x00000000a2e00000, 0x00000000a2e00000, 0x00000000a2f00000|  0%| F|  |TAMS 0x00000000a2e00000, 0x00000000a2e00000| Untracked 
|  35|0x00000000a2f00000, 0x00000000a2f00000, 0x00000000a3000000|  0%| F|  |TAMS 0x00000000a2f00000, 0x00000000a2f00000| Untracked 
|  36|0x00000000a3000000, 0x00000000a3000000, 0x00000000a3100000|  0%| F|  |TAMS 0x00000000a3000000, 0x00000000a3000000| Untracked 
|  37|0x00000000a3100000, 0x00000000a3100000, 0x00000000a3200000|  0%| F|  |TAMS 0x00000000a3100000, 0x00000000a3100000| Untracked 
|  38|0x00000000a3200000, 0x00000000a3200000, 0x00000000a3300000|  0%| F|  |TAMS 0x00000000a3200000, 0x00000000a3200000| Untracked 
|  39|0x00000000a3300000, 0x00000000a3300000, 0x00000000a3400000|  0%| F|  |TAMS 0x00000000a3300000, 0x00000000a3300000| Untracked 
|  40|0x00000000a3400000, 0x00000000a3400000, 0x00000000a3500000|  0%| F|  |TAMS 0x00000000a3400000, 0x00000000a3400000| Untracked 
|  41|0x00000000a3500000, 0x00000000a3500000, 0x00000000a3600000|  0%| F|  |TAMS 0x00000000a3500000, 0x00000000a3500000| Untracked 
|  42|0x00000000a3600000, 0x00000000a3600000, 0x00000000a3700000|  0%| F|  |TAMS 0x00000000a3600000, 0x00000000a3600000| Untracked 
|  43|0x00000000a3700000, 0x00000000a3700000, 0x00000000a3800000|  0%| F|  |TAMS 0x00000000a3700000, 0x00000000a3700000| Untracked 
|  44|0x00000000a3800000, 0x00000000a3800000, 0x00000000a3900000|  0%| F|  |TAMS 0x00000000a3800000, 0x00000000a3800000| Untracked 
|  45|0x00000000a3900000, 0x00000000a3900000, 0x00000000a3a00000|  0%| F|  |TAMS 0x00000000a3900000, 0x00000000a3900000| Untracked 
|  46|0x00000000a3a00000, 0x00000000a3a00000, 0x00000000a3b00000|  0%| F|  |TAMS 0x00000000a3a00000, 0x00000000a3a00000| Untracked 
|  47|0x00000000a3b00000, 0x00000000a3b00000, 0x00000000a3c00000|  0%| F|  |TAMS 0x00000000a3b00000, 0x00000000a3b00000| Untracked 
|  48|0x00000000a3c00000, 0x00000000a3c00000, 0x00000000a3d00000|  0%| F|  |TAMS 0x00000000a3c00000, 0x00000000a3c00000| Untracked 
|  49|0x00000000a3d00000, 0x00000000a3d00000, 0x00000000a3e00000|  0%| F|  |TAMS 0x00000000a3d00000, 0x00000000a3d00000| Untracked 
|  50|0x00000000a3e00000, 0x00000000a3e00000, 0x00000000a3f00000|  0%| F|  |TAMS 0x00000000a3e00000, 0x00000000a3e00000| Untracked 
|  51|0x00000000a3f00000, 0x00000000a3f00000, 0x00000000a4000000|  0%| F|  |TAMS 0x00000000a3f00000, 0x00000000a3f00000| Untracked 
|  52|0x00000000a4000000, 0x00000000a4000000, 0x00000000a4100000|  0%| F|  |TAMS 0x00000000a4000000, 0x00000000a4000000| Untracked 
|  53|0x00000000a4100000, 0x00000000a4100000, 0x00000000a4200000|  0%| F|  |TAMS 0x00000000a4100000, 0x00000000a4100000| Untracked 
|  54|0x00000000a4200000, 0x00000000a4200000, 0x00000000a4300000|  0%| F|  |TAMS 0x00000000a4200000, 0x00000000a4200000| Untracked 
|  55|0x00000000a4300000, 0x00000000a4300000, 0x00000000a4400000|  0%| F|  |TAMS 0x00000000a4300000, 0x00000000a4300000| Untracked 
|  56|0x00000000a4400000, 0x00000000a4400000, 0x00000000a4500000|  0%| F|  |TAMS 0x00000000a4400000, 0x00000000a4400000| Untracked 
|  57|0x00000000a4500000, 0x00000000a4500000, 0x00000000a4600000|  0%| F|  |TAMS 0x00000000a4500000, 0x00000000a4500000| Untracked 
|  58|0x00000000a4600000, 0x00000000a4600000, 0x00000000a4700000|  0%| F|  |TAMS 0x00000000a4600000, 0x00000000a4600000| Untracked 
|  59|0x00000000a4700000, 0x00000000a4700000, 0x00000000a4800000|  0%| F|  |TAMS 0x00000000a4700000, 0x00000000a4700000| Untracked 
|  60|0x00000000a4800000, 0x00000000a4800000, 0x00000000a4900000|  0%| F|  |TAMS 0x00000000a4800000, 0x00000000a4800000| Untracked 
|  61|0x00000000a4900000, 0x00000000a4900000, 0x00000000a4a00000|  0%| F|  |TAMS 0x00000000a4900000, 0x00000000a4900000| Untracked 
|  62|0x00000000a4a00000, 0x00000000a4a00000, 0x00000000a4b00000|  0%| F|  |TAMS 0x00000000a4a00000, 0x00000000a4a00000| Untracked 
|  63|0x00000000a4b00000, 0x00000000a4b00000, 0x00000000a4c00000|  0%| F|  |TAMS 0x00000000a4b00000, 0x00000000a4b00000| Untracked 
|  64|0x00000000a4c00000, 0x00000000a4c00000, 0x00000000a4d00000|  0%| F|  |TAMS 0x00000000a4c00000, 0x00000000a4c00000| Untracked 
|  65|0x00000000a4d00000, 0x00000000a4d00000, 0x00000000a4e00000|  0%| F|  |TAMS 0x00000000a4d00000, 0x00000000a4d00000| Untracked 
|  66|0x00000000a4e00000, 0x00000000a4e00000, 0x00000000a4f00000|  0%| F|  |TAMS 0x00000000a4e00000, 0x00000000a4e00000| Untracked 
|  67|0x00000000a4f00000, 0x00000000a4f00000, 0x00000000a5000000|  0%| F|  |TAMS 0x00000000a4f00000, 0x00000000a4f00000| Untracked 
|  68|0x00000000a5000000, 0x00000000a5000000, 0x00000000a5100000|  0%| F|  |TAMS 0x00000000a5000000, 0x00000000a5000000| Untracked 
|  69|0x00000000a5100000, 0x00000000a5100000, 0x00000000a5200000|  0%| F|  |TAMS 0x00000000a5100000, 0x00000000a5100000| Untracked 
|  70|0x00000000a5200000, 0x00000000a5200000, 0x00000000a5300000|  0%| F|  |TAMS 0x00000000a5200000, 0x00000000a5200000| Untracked 
|  71|0x00000000a5300000, 0x00000000a5300000, 0x00000000a5400000|  0%| F|  |TAMS 0x00000000a5300000, 0x00000000a5300000| Untracked 
|  72|0x00000000a5400000, 0x00000000a5400000, 0x00000000a5500000|  0%| F|  |TAMS 0x00000000a5400000, 0x00000000a5400000| Untracked 
|  73|0x00000000a5500000, 0x00000000a5500000, 0x00000000a5600000|  0%| F|  |TAMS 0x00000000a5500000, 0x00000000a5500000| Untracked 
|  74|0x00000000a5600000, 0x00000000a5600000, 0x00000000a5700000|  0%| F|  |TAMS 0x00000000a5600000, 0x00000000a5600000| Untracked 
|  75|0x00000000a5700000, 0x00000000a5700000, 0x00000000a5800000|  0%| F|  |TAMS 0x00000000a5700000, 0x00000000a5700000| Untracked 
|  76|0x00000000a5800000, 0x00000000a5800000, 0x00000000a5900000|  0%| F|  |TAMS 0x00000000a5800000, 0x00000000a5800000| Untracked 
|  77|0x00000000a5900000, 0x00000000a5900000, 0x00000000a5a00000|  0%| F|  |TAMS 0x00000000a5900000, 0x00000000a5900000| Untracked 
|  78|0x00000000a5a00000, 0x00000000a5a00000, 0x00000000a5b00000|  0%| F|  |TAMS 0x00000000a5a00000, 0x00000000a5a00000| Untracked 
|  79|0x00000000a5b00000, 0x00000000a5b00000, 0x00000000a5c00000|  0%| F|  |TAMS 0x00000000a5b00000, 0x00000000a5b00000| Untracked 
|  80|0x00000000a5c00000, 0x00000000a5c00000, 0x00000000a5d00000|  0%| F|  |TAMS 0x00000000a5c00000, 0x00000000a5c00000| Untracked 
|  81|0x00000000a5d00000, 0x00000000a5d00000, 0x00000000a5e00000|  0%| F|  |TAMS 0x00000000a5d00000, 0x00000000a5d00000| Untracked 
|  82|0x00000000a5e00000, 0x00000000a5e00000, 0x00000000a5f00000|  0%| F|  |TAMS 0x00000000a5e00000, 0x00000000a5e00000| Untracked 
|  83|0x00000000a5f00000, 0x00000000a5f00000, 0x00000000a6000000|  0%| F|  |TAMS 0x00000000a5f00000, 0x00000000a5f00000| Untracked 
|  84|0x00000000a6000000, 0x00000000a6000000, 0x00000000a6100000|  0%| F|  |TAMS 0x00000000a6000000, 0x00000000a6000000| Untracked 
|  85|0x00000000a6100000, 0x00000000a6100000, 0x00000000a6200000|  0%| F|  |TAMS 0x00000000a6100000, 0x00000000a6100000| Untracked 
|  86|0x00000000a6200000, 0x00000000a6200000, 0x00000000a6300000|  0%| F|  |TAMS 0x00000000a6200000, 0x00000000a6200000| Untracked 
|  87|0x00000000a6300000, 0x00000000a6300000, 0x00000000a6400000|  0%| F|  |TAMS 0x00000000a6300000, 0x00000000a6300000| Untracked 
|  88|0x00000000a6400000, 0x00000000a6400000, 0x00000000a6500000|  0%| F|  |TAMS 0x00000000a6400000, 0x00000000a6400000| Untracked 
|  89|0x00000000a6500000, 0x00000000a6500000, 0x00000000a6600000|  0%| F|  |TAMS 0x00000000a6500000, 0x00000000a6500000| Untracked 
|  90|0x00000000a6600000, 0x00000000a6600800, 0x00000000a6700000|  0%| E|  |TAMS 0x00000000a6600000, 0x00000000a6600000| Complete 
|  91|0x00000000a6700000, 0x00000000a6800000, 0x00000000a6800000|100%| E|CS|TAMS 0x00000000a6700000, 0x00000000a6700000| Complete 
|  92|0x00000000a6800000, 0x00000000a6900000, 0x00000000a6900000|100%| E|CS|TAMS 0x00000000a6800000, 0x00000000a6800000| Complete 
|  93|0x00000000a6900000, 0x00000000a6a00000, 0x00000000a6a00000|100%| E|CS|TAMS 0x00000000a6900000, 0x00000000a6900000| Complete 
|  94|0x00000000a6a00000, 0x00000000a6b00000, 0x00000000a6b00000|100%| E|CS|TAMS 0x00000000a6a00000, 0x00000000a6a00000| Complete 
|  95|0x00000000a6b00000, 0x00000000a6c00000, 0x00000000a6c00000|100%| E|CS|TAMS 0x00000000a6b00000, 0x00000000a6b00000| Complete 

Card table byte_map: [0x000001a7de1f0000,0x000001a7de4f0000] _byte_map_base: 0x000001a7ddcea000

Marking Bits (Prev, Next): (CMBitMap*) 0x000001a7cb545d00, (CMBitMap*) 0x000001a7cb545d40
 Prev Bits: [0x000001a7de7f0000, 0x000001a7dffc0000)
 Next Bits: [0x000001a7dffc0000, 0x000001a7e1790000)

Polling page: 0x000001a7cace0000

Metaspace:

Usage:
  Non-class:     10.03 MB used.
      Class:      1.10 MB used.
       Both:     11.14 MB used.

Virtual space:
  Non-class space:       16.00 MB reserved,      10.06 MB ( 63%) committed,  2 nodes.
      Class space:        1.00 GB reserved,       1.19 MB ( <1%) committed,  1 nodes.
             Both:        1.02 GB reserved,      11.25 MB (  1%) committed. 

Chunk freelists:
   Non-Class:  1.00 MB
       Class:  2.74 MB
        Both:  3.74 MB

MaxMetaspaceSize: unlimited
CompressedClassSpaceSize: 1.00 GB
Initial GC threshold: 21.00 MB
Current GC threshold: 21.00 MB
CDS: off
MetaspaceReclaimPolicy: balanced
 - commit_granule_bytes: 65536.
 - commit_granule_words: 8192.
 - virtual_space_node_default_size: 1048576.
 - enlarge_chunks_in_place: 1.
 - new_chunks_are_fully_committed: 0.
 - uncommit_free_chunks: 1.
 - use_allocation_guard: 0.
 - handle_deallocations: 1.


Internal statistics:

num_allocs_failed_limit: 0.
num_arena_births: 106.
num_arena_deaths: 0.
num_vsnodes_births: 3.
num_vsnodes_deaths: 0.
num_space_committed: 180.
num_space_uncommitted: 0.
num_chunks_returned_to_freelist: 0.
num_chunks_taken_from_freelist: 175.
num_chunk_merges: 0.
num_chunk_splits: 85.
num_chunks_enlarged: 20.
num_purges: 0.
num_inconsistent_stats: 0.

CodeHeap 'non-profiled nmethods': size=120000Kb used=139Kb max_used=139Kb free=119860Kb
 bounds [0x000001a7d6680000, 0x000001a7d68f0000, 0x000001a7ddbb0000]
CodeHeap 'profiled nmethods': size=120000Kb used=746Kb max_used=746Kb free=119253Kb
 bounds [0x000001a7cf150000, 0x000001a7cf3c0000, 0x000001a7d6680000]
CodeHeap 'non-nmethods': size=5760Kb used=1221Kb max_used=1227Kb free=4538Kb
 bounds [0x000001a7cebb0000, 0x000001a7cee20000, 0x000001a7cf150000]
 total_blobs=1055 nmethods=524 adapters=444
 compilation: enabled
              stopped_count=0, restarted_count=0
 full_count=0

Compilation events (20 events):
Event: 0.566 Thread 0x000001a7e4c191a0  512       3       java.util.concurrent.ConcurrentHashMap$ValueIterator::next (34 bytes)
Event: 0.566 Thread 0x000001a7e4c191a0 nmethod 512 0x000001a7cf208a10 code [0x000001a7cf208bc0, 0x000001a7cf208e18]
Event: 0.566 Thread 0x000001a7e4c191a0  514       1       jdk.internal.jimage.ImageHeader::getTableLength (5 bytes)
Event: 0.566 Thread 0x000001a7e4c191a0 nmethod 514 0x000001a7d66a1310 code [0x000001a7d66a14a0, 0x000001a7d66a1578]
Event: 0.617 Thread 0x000001a7e4c191a0  516       3       sun.awt.AppContext::getAppContext (51 bytes)
Event: 0.618 Thread 0x000001a7e4c191a0 nmethod 516 0x000001a7cf208f10 code [0x000001a7cf209140, 0x000001a7cf209868]
Event: 0.622 Thread 0x000001a7e4c191a0  518       3       java.util.AbstractList::<init> (10 bytes)
Event: 0.622 Thread 0x000001a7e4c191a0 nmethod 518 0x000001a7cf209a90 code [0x000001a7cf209c40, 0x000001a7cf209e18]
Event: 0.622 Thread 0x000001a7e4c191a0  520       1       java.beans.PropertyChangeEvent::getPropertyName (5 bytes)
Event: 0.622 Thread 0x000001a7e4c191a0 nmethod 520 0x000001a7d66a2210 code [0x000001a7d66a23a0, 0x000001a7d66a2478]
Event: 0.632 Thread 0x000001a7e4c191a0  521       1       java.awt.Component::getParent_NoClientCode (5 bytes)
Event: 0.632 Thread 0x000001a7e4c191a0 nmethod 521 0x000001a7d66a2510 code [0x000001a7d66a26a0, 0x000001a7d66a2778]
Event: 0.632 Thread 0x000001a7e4c191a0  522       3       java.awt.Component::getTreeLock (4 bytes)
Event: 0.632 Thread 0x000001a7e4c191a0 nmethod 522 0x000001a7cf209f10 code [0x000001a7cf20a0a0, 0x000001a7cf20a1b8]
Event: 0.632 Thread 0x000001a7e4c191a0  523       1       java.beans.PropertyChangeEvent::getOldValue (5 bytes)
Event: 0.632 Thread 0x000001a7e4c191a0 nmethod 523 0x000001a7d66a2810 code [0x000001a7d66a29a0, 0x000001a7d66a2a78]
Event: 0.632 Thread 0x000001a7e4c191a0  524       1       java.beans.PropertyChangeEvent::getNewValue (5 bytes)
Event: 0.632 Thread 0x000001a7e4c191a0 nmethod 524 0x000001a7d66a2b10 code [0x000001a7d66a2ca0, 0x000001a7d66a2d78]
Event: 0.645 Thread 0x000001a7e4c191a0  525       3       java.lang.ref.SoftReference::<init> (13 bytes)
Event: 0.646 Thread 0x000001a7e4c191a0 nmethod 525 0x000001a7cf20a290 code [0x000001a7cf20a440, 0x000001a7cf20a758]

GC Heap History (0 events):
No events

Deoptimization events (2 events):
Event: 0.554 Thread 0x000001a7cb5102a0 DEOPT PACKING pc=0x000001a7cf165e67 sp=0x000000a3458fca90
Event: 0.554 Thread 0x000001a7cb5102a0 DEOPT UNPACKING pc=0x000001a7cec02b43 sp=0x000000a3458fbeb0 mode 0

Classes unloaded (0 events):
No events

Classes redefined (0 events):
No events

Internal exceptions (12 events):
Event: 0.193 Thread 0x000001a7cb5102a0 Exception <a 'java/lang/ClassNotFoundException'{0x00000000a6a406a8}: sun/awt/resources/spi/awtProvider> (0x00000000a6a406a8) 
thrown [e:\jenkins\tmp\workspace\build\src\src\hotspot\share\classfile\systemDictionary.cpp, line 256]
Event: 0.238 Thread 0x000001a7cb5102a0 Exception <a 'java/io/FileNotFoundException'{0x00000000a6a9b3a8}> (0x00000000a6a9b3a8) 
thrown [e:\jenkins\tmp\workspace\build\src\src\hotspot\share\prims\jni.cpp, line 516]
Event: 0.247 Thread 0x000001a7cb5102a0 Exception <a 'java/io/FileNotFoundException'{0x00000000a6ac8320}> (0x00000000a6ac8320) 
thrown [e:\jenkins\tmp\workspace\build\src\src\hotspot\share\prims\jni.cpp, line 516]
Event: 0.311 Thread 0x000001a7cb5102a0 Exception <a 'java/lang/NoSuchMethodError'{0x00000000a69091a8}: 'java.lang.Object java.lang.invoke.DirectMethodHandle$Holder.invokeStaticInit(java.lang.Object)'> (0x00000000a69091a8) 
thrown [e:\jenkins\tmp\workspace\build\src\src\hotspot\share\interpreter\linkResolver.cpp, line 766]
Event: 0.425 Thread 0x000001a7cb5102a0 Exception <a 'java/lang/NoSuchMethodError'{0x00000000a6953ff0}: 'void java.lang.invoke.DirectMethodHandle$Holder.invokeSpecial(java.lang.Object, java.lang.Object, java.lang.Object)'> (0x00000000a6953ff0) 
thrown [e:\jenkins\tmp\workspace\build\src\src\hotspot\share\interpreter\linkResolver.cpp, line 766]
Event: 0.437 Thread 0x000001a7cb5102a0 Exception <a 'java/lang/NoSuchMethodError'{0x00000000a69f4118}: 'java.lang.Object java.lang.invoke.DirectMethodHandle$Holder.newInvokeSpecial(java.lang.Object, java.lang.Object, java.lang.Object, java.lang.Object, java.lang.Object)'> (0x00000000a69f4118) 
thrown [e:\jenkins\tmp\workspace\build\src\src\hotspot\share\interpreter\linkResolver.cpp, line 766]
Event: 0.438 Thread 0x000001a7cb5102a0 Exception <a 'java/lang/NoSuchMethodError'{0x00000000a69ffae0}: 'java.lang.Object java.lang.invoke.DirectMethodHandle$Holder.invokeStatic(java.lang.Object, int, java.lang.Object, java.lang.Object, java.lang.Object, java.lang.Object)'> (0x00000000a69ffae0) 
thrown [e:\jenkins\tmp\workspace\build\src\src\hotspot\share\interpreter\linkResolver.cpp, line 766]
Event: 0.445 Thread 0x000001a7cb5102a0 Exception <a 'java/lang/NoSuchMethodError'{0x00000000a6825788}: 'java.lang.Object java.lang.invoke.DirectMethodHandle$Holder.invokeStatic(java.lang.Object, int, java.lang.Object)'> (0x00000000a6825788) 
thrown [e:\jenkins\tmp\workspace\build\src\src\hotspot\share\interpreter\linkResolver.cpp, line 766]
Event: 0.475 Thread 0x000001a7cb5102a0 Exception <a 'java/lang/ClassNotFoundException'{0x00000000a68dd2f0}: com/sun/swing/internal/plaf/metal/resources/spi/metalProvider> (0x00000000a68dd2f0) 
thrown [e:\jenkins\tmp\workspace\build\src\src\hotspot\share\classfile\systemDictionary.cpp, line 256]
Event: 0.476 Thread 0x000001a7cb5102a0 Exception <a 'java/lang/ClassNotFoundException'{0x00000000a68e1178}: com/sun/swing/internal/plaf/basic/resources/spi/basicProvider> (0x00000000a68e1178) 
thrown [e:\jenkins\tmp\workspace\build\src\src\hotspot\share\classfile\systemDictionary.cpp, line 256]
Event: 0.503 Thread 0x000001a7e4e71e10 Exception <a 'java/lang/NoSuchMethodError'{0x00000000a6986538}: 'void java.lang.invoke.DirectMethodHandle$Holder.invokeVirtual(java.lang.Object, java.lang.Object)'> (0x00000000a6986538) 
thrown [e:\jenkins\tmp\workspace\build\src\src\hotspot\share\interpreter\linkResolver.cpp, line 766]
Event: 0.524 Thread 0x000001a7cb5102a0 Exception <a 'java/lang/NoSuchMethodError'{0x00000000a6796140}: 'void java.lang.invoke.DirectMethodHandle$Holder.invokeStaticInit(java.lang.Object)'> (0x00000000a6796140) 
thrown [e:\jenkins\tmp\workspace\build\src\src\hotspot\share\interpreter\linkResolver.cpp, line 766]

VM Operations (6 events):
Event: 0.475 Executing VM operation: HandshakeAllThreads
Event: 0.475 Executing VM operation: HandshakeAllThreads done
Event: 0.512 Executing VM operation: HandshakeAllThreads
Event: 0.512 Executing VM operation: HandshakeAllThreads done
Event: 0.553 Executing VM operation: HandshakeAllThreads
Event: 0.553 Executing VM operation: HandshakeAllThreads done

Events (20 events):
Event: 0.641 loading class sun/swing/ImageCache done
Event: 0.642 loading class sun/swing/ImageCache$Entry
Event: 0.642 loading class sun/swing/ImageCache$Entry done
Event: 0.645 loading class java/awt/GradientPaint
Event: 0.645 loading class java/awt/GradientPaint done
Event: 0.646 loading class sun/java2d/d3d/D3DPaints
Event: 0.646 loading class sun/java2d/d3d/D3DPaints done
Event: 0.646 loading class sun/java2d/d3d/D3DPaints$Gradient
Event: 0.646 loading class sun/java2d/d3d/D3DPaints$Gradient done
Event: 0.646 loading class sun/java2d/d3d/D3DPaints$LinearGradient
Event: 0.646 loading class sun/java2d/d3d/D3DPaints$MultiGradient
Event: 0.646 loading class sun/java2d/d3d/D3DPaints$MultiGradient done
Event: 0.646 loading class sun/java2d/d3d/D3DPaints$LinearGradient done
Event: 0.646 loading class sun/java2d/d3d/D3DPaints$RadialGradient
Event: 0.646 loading class sun/java2d/d3d/D3DPaints$RadialGradient done
Event: 0.646 loading class sun/java2d/d3d/D3DPaints$Texture
Event: 0.646 loading class sun/java2d/d3d/D3DPaints$Texture done
Event: 0.646 loading class sun/java2d/loops/GraphicsPrimitiveMgr$PrimitiveSpec
Event: 0.646 loading class sun/java2d/loops/GraphicsPrimitiveMgr$PrimitiveSpec done
Event: 0.646 loading class java/util/TimSort


Dynamic libraries:
0x00007ff64aba0000 - 0x00007ff64abae000 	C:\Users\ASUS\.p2\pool\plugins\org.eclipse.justj.openjdk.hotspot.jre.full.win32.x86_64_17.0.1.v20211116-1657\jre\bin\javaw.exe
0x00007ff887ab0000 - 0x00007ff887cc7000 	C:\WINDOWS\SYSTEM32\ntdll.dll
0x00007ff8866c0000 - 0x00007ff886784000 	C:\WINDOWS\System32\KERNEL32.DLL
0x00007ff884e50000 - 0x00007ff8851f6000 	C:\WINDOWS\System32\KERNELBASE.dll
0x00007ff885410000 - 0x00007ff885521000 	C:\WINDOWS\System32\ucrtbase.dll
0x00007ff86dbb0000 - 0x00007ff86dbc9000 	C:\Users\ASUS\.p2\pool\plugins\org.eclipse.justj.openjdk.hotspot.jre.full.win32.x86_64_17.0.1.v20211116-1657\jre\bin\VCRUNTIME140.dll
0x00007ff86df00000 - 0x00007ff86df18000 	C:\Users\ASUS\.p2\pool\plugins\org.eclipse.justj.openjdk.hotspot.jre.full.win32.x86_64_17.0.1.v20211116-1657\jre\bin\jli.dll
0x00007ff887830000 - 0x00007ff8879de000 	C:\WINDOWS\System32\USER32.dll
0x00007ff872330000 - 0x00007ff8725c3000 	C:\WINDOWS\WinSxS\amd64_microsoft.windows.common-controls_6595b64144ccf1df_6.0.22621.2506_none_270c5ae97388e100\COMCTL32.dll
0x00007ff884e20000 - 0x00007ff884e46000 	C:\WINDOWS\System32\win32u.dll
0x00007ff887780000 - 0x00007ff887827000 	C:\WINDOWS\System32\msvcrt.dll
0x00007ff887380000 - 0x00007ff8873a9000 	C:\WINDOWS\System32\GDI32.dll
0x00007ff885280000 - 0x00007ff885398000 	C:\WINDOWS\System32\gdi32full.dll
0x00007ff885760000 - 0x00007ff8857fa000 	C:\WINDOWS\System32\msvcp_win.dll
0x00007ff887500000 - 0x00007ff887531000 	C:\WINDOWS\System32\IMM32.DLL
0x00007ff8802a0000 - 0x00007ff8802ac000 	C:\Users\ASUS\.p2\pool\plugins\org.eclipse.justj.openjdk.hotspot.jre.full.win32.x86_64_17.0.1.v20211116-1657\jre\bin\vcruntime140_1.dll
0x00007ff865c90000 - 0x00007ff865d21000 	C:\Users\ASUS\.p2\pool\plugins\org.eclipse.justj.openjdk.hotspot.jre.full.win32.x86_64_17.0.1.v20211116-1657\jre\bin\msvcp140.dll
0x00007ff80c460000 - 0x00007ff80d0a6000 	C:\Users\ASUS\.p2\pool\plugins\org.eclipse.justj.openjdk.hotspot.jre.full.win32.x86_64_17.0.1.v20211116-1657\jre\bin\server\jvm.dll
0x00007ff887180000 - 0x00007ff887231000 	C:\WINDOWS\System32\ADVAPI32.dll
0x00007ff8864e0000 - 0x00007ff886585000 	C:\WINDOWS\System32\sechost.dll
0x00007ff887240000 - 0x00007ff887357000 	C:\WINDOWS\System32\RPCRT4.dll
0x00007ff886590000 - 0x00007ff886598000 	C:\WINDOWS\System32\PSAPI.DLL
0x00007ff87d510000 - 0x00007ff87d544000 	C:\WINDOWS\SYSTEM32\WINMM.dll
0x00007ff86e330000 - 0x00007ff86e339000 	C:\WINDOWS\SYSTEM32\WSOCK32.dll
0x00007ff87bf50000 - 0x00007ff87bf5a000 	C:\WINDOWS\SYSTEM32\VERSION.dll
0x00007ff887540000 - 0x00007ff8875b1000 	C:\WINDOWS\System32\WS2_32.dll
0x00007ff883e20000 - 0x00007ff883e38000 	C:\WINDOWS\SYSTEM32\kernel.appcore.dll
0x00007ff880250000 - 0x00007ff88025a000 	C:\Users\ASUS\.p2\pool\plugins\org.eclipse.justj.openjdk.hotspot.jre.full.win32.x86_64_17.0.1.v20211116-1657\jre\bin\jimage.dll
0x00007ff8827a0000 - 0x00007ff8829d3000 	C:\WINDOWS\SYSTEM32\DBGHELP.DLL
0x00007ff886100000 - 0x00007ff886489000 	C:\WINDOWS\System32\combase.dll
0x00007ff885b00000 - 0x00007ff885bd7000 	C:\WINDOWS\System32\OLEAUT32.dll
0x00007ff86d6b0000 - 0x00007ff86d6e2000 	C:\WINDOWS\SYSTEM32\dbgcore.DLL
0x00007ff885200000 - 0x00007ff88527a000 	C:\WINDOWS\System32\bcryptPrimitives.dll
0x00007ff8801e0000 - 0x00007ff880205000 	C:\Users\ASUS\.p2\pool\plugins\org.eclipse.justj.openjdk.hotspot.jre.full.win32.x86_64_17.0.1.v20211116-1657\jre\bin\java.dll
0x00007ff8801c0000 - 0x00007ff8801d8000 	C:\Users\ASUS\.p2\pool\plugins\org.eclipse.justj.openjdk.hotspot.jre.full.win32.x86_64_17.0.1.v20211116-1657\jre\bin\zip.dll
0x00007ff886920000 - 0x00007ff88717a000 	C:\WINDOWS\System32\SHELL32.dll
0x00007ff882d40000 - 0x00007ff883636000 	C:\WINDOWS\SYSTEM32\windows.storage.dll
0x00007ff882c00000 - 0x00007ff882d3e000 	C:\WINDOWS\SYSTEM32\wintypes.dll
0x00007ff886790000 - 0x00007ff886883000 	C:\WINDOWS\System32\SHCORE.dll
0x00007ff886660000 - 0x00007ff8866be000 	C:\WINDOWS\System32\shlwapi.dll
0x00007ff884d50000 - 0x00007ff884d76000 	C:\WINDOWS\SYSTEM32\profapi.dll
0x00007ff8614d0000 - 0x00007ff86165e000 	C:\Users\ASUS\.p2\pool\plugins\org.eclipse.justj.openjdk.hotspot.jre.full.win32.x86_64_17.0.1.v20211116-1657\jre\bin\awt.dll
0x00007ff881c80000 - 0x00007ff881d17000 	C:\WINDOWS\SYSTEM32\apphelp.dll
0x00007ff882280000 - 0x00007ff8822ab000 	C:\WINDOWS\system32\DWMAPI.DLL
0x00007ff881e70000 - 0x00007ff881f1b000 	C:\WINDOWS\system32\uxtheme.dll
0x00007ff8442e0000 - 0x00007ff8443e0000 	C:\WINDOWS\system32\opengl32.dll
0x00007ff880130000 - 0x00007ff88015d000 	C:\WINDOWS\SYSTEM32\GLU32.dll
0x00007ff881f50000 - 0x00007ff881f86000 	C:\WINDOWS\SYSTEM32\dxcore.dll
0x00007ff861c50000 - 0x00007ff861ceb000 	C:\Program Files (x86)\TeamViewer\tv_x64.dll
0x00007ff885800000 - 0x00007ff8859a0000 	C:\WINDOWS\System32\ole32.dll
0x00007ff8873b0000 - 0x00007ff887500000 	C:\WINDOWS\System32\MSCTF.dll
0x00007ff8650b0000 - 0x00007ff865259000 	C:\WINDOWS\system32\d3d9.dll
0x00007ff878030000 - 0x00007ff87820b000 	C:\WINDOWS\System32\DriverStore\FileRepository\u0365656.inf_amd64_5926d42fa64b989d\B365142\aticfx64.dll
0x00007ff86db70000 - 0x00007ff86dba3000 	C:\WINDOWS\System32\DriverStore\FileRepository\u0365656.inf_amd64_5926d42fa64b989d\B365142\atiu9p64.dll
0x00007ff80a110000 - 0x00007ff80ae22000 	C:\WINDOWS\System32\DriverStore\FileRepository\u0365656.inf_amd64_5926d42fa64b989d\B365142\atiumd64.dll
0x0000000058650000 - 0x000000005950d000 	C:\WINDOWS\System32\DriverStore\FileRepository\u0365656.inf_amd64_5926d42fa64b989d\B365142\atiumd6a.dll
0x00007ff884cf0000 - 0x00007ff884d3d000 	C:\WINDOWS\SYSTEM32\POWRPROF.dll
0x00007ff884cd0000 - 0x00007ff884ce3000 	C:\WINDOWS\SYSTEM32\UMPDC.dll
0x00007ff8759e0000 - 0x00007ff875a10000 	C:\WINDOWS\SYSTEM32\amdihk64.dll
0x00007ff87c360000 - 0x00007ff87c3aa000 	C:\WINDOWS\SYSTEM32\directxdatabasehelper.dll
0x00007ff861890000 - 0x00007ff861919000 	C:\Users\ASUS\.p2\pool\plugins\org.eclipse.justj.openjdk.hotspot.jre.full.win32.x86_64_17.0.1.v20211116-1657\jre\bin\freetype.dll
0x00007ff861280000 - 0x00007ff861328000 	C:\Users\ASUS\.p2\pool\plugins\org.eclipse.justj.openjdk.hotspot.jre.full.win32.x86_64_17.0.1.v20211116-1657\jre\bin\fontmanager.dll
0x00007ff8744d0000 - 0x00007ff87461a000 	C:\WINDOWS\SYSTEM32\textinputframework.dll

dbghelp: loaded successfully - version: 4.0.5 - missing functions: none
symbol engine: initialized successfully - sym options: 0x614 - pdb path: .;C:\Users\ASUS\.p2\pool\plugins\org.eclipse.justj.openjdk.hotspot.jre.full.win32.x86_64_17.0.1.v20211116-1657\jre\bin;C:\WINDOWS\SYSTEM32;C:\WINDOWS\WinSxS\amd64_microsoft.windows.common-controls_6595b64144ccf1df_6.0.22621.2506_none_270c5ae97388e100;C:\Users\ASUS\.p2\pool\plugins\org.eclipse.justj.openjdk.hotspot.jre.full.win32.x86_64_17.0.1.v20211116-1657\jre\bin\server;C:\Program Files (x86)\TeamViewer;C:\WINDOWS\System32\DriverStore\FileRepository\u0365656.inf_amd64_5926d42fa64b989d\B365142

VM Arguments:
jvm_args: -Dfile.encoding=Cp1252 -XX:+ShowCodeDetailsInExceptionMessages 
java_command: Main
java_class_path (initial): D:\Projects\eclipse\LearningProject1\bin
Launcher Type: SUN_STANDARD

[Global flags]
     intx CICompilerCount                          = 4                                         {product} {ergonomic}
     uint ConcGCThreads                            = 2                                         {product} {ergonomic}
     uint G1ConcRefinementThreads                  = 8                                         {product} {ergonomic}
   size_t G1HeapRegionSize                         = 1048576                                   {product} {ergonomic}
    uintx GCDrainStackTargetSize                   = 64                                        {product} {ergonomic}
   size_t InitialHeapSize                          = 100663296                                 {product} {ergonomic}
   size_t MarkStackSize                            = 4194304                                   {product} {ergonomic}
   size_t MaxHeapSize                              = 1598029824                                {product} {ergonomic}
   size_t MaxNewSize                               = 958398464                                 {product} {ergonomic}
   size_t MinHeapDeltaBytes                        = 1048576                                   {product} {ergonomic}
   size_t MinHeapSize                              = 8388608                                   {product} {ergonomic}
    uintx NonNMethodCodeHeapSize                   = 5839372                                {pd product} {ergonomic}
    uintx NonProfiledCodeHeapSize                  = 122909434                              {pd product} {ergonomic}
    uintx ProfiledCodeHeapSize                     = 122909434                              {pd product} {ergonomic}
    uintx ReservedCodeCacheSize                    = 251658240                              {pd product} {ergonomic}
     bool SegmentedCodeCache                       = true                                      {product} {ergonomic}
     bool ShowCodeDetailsInExceptionMessages       = true                                   {manageable} {command line}
   size_t SoftMaxHeapSize                          = 1598029824                             {manageable} {ergonomic}
     bool UseCompressedClassPointers               = true                           {product lp64_product} {ergonomic}
     bool UseCompressedOops                        = true                           {product lp64_product} {ergonomic}
     bool UseG1GC                                  = true                                      {product} {ergonomic}
     bool UseLargePagesIndividualAllocation        = false                                  {pd product} {ergonomic}

Logging:
Log output configuration:
 #0: stdout all=warning uptime,level,tags
 #1: stderr all=off uptime,level,tags

Environment Variables:
PATH=C:/Users/ASUS/.p2/pool/plugins/org.eclipse.justj.openjdk.hotspot.jre.full.win32.x86_64_17.0.1.v20211116-1657/jre/bin/server;C:/Users/ASUS/.p2/pool/plugins/org.eclipse.justj.openjdk.hotspot.jre.full.win32.x86_64_17.0.1.v20211116-1657/jre/bin;C:\Python39\Scripts\;C:\Python39\;C:\ProgramData\Oracle\Java\javapath;C:\Program Files (x86)\Common Files\Intel\Shared Libraries\redist\intel64\compiler;C:\WINDOWS\system32;C:\WINDOWS;C:\WINDOWS\System32\Wbem;C:\WINDOWS\System32\WindowsPowerShell\v1.0\;C:\WINDOWS\System32\OpenSSH\;C:\Program Files (x86)\MySQL\MySQL Server 5.1\bin;C:\Program Files (x86)\dotnet\;C:\Program Files (x86)\GtkSharp\2.12\bin;C:\Program Files (x86)\Windows Kits\10\Windows Performance Toolkit\;C:\Program Files\Git\cmd;C:\ProgramData\chocolatey\bin;C:\Program Files\MySQL\MySQL Shell 8.0\bin\;C:\Users\ASUS\AppData\Local\Microsoft\WindowsApps;C:\Users\ASUS\.dotnet\tools;C:\Users\ASUS\AppData\Local\Programs\Microsoft VS Code\bin;C:\Users\ASUS\AppData\Local\atom\bin;C:\Users\ASUS\.dotnet\tools;C:\Users\ASUS\AppData\Local\Microsoft\WindowsApps;C:\Python312;;C:\Users\ASUS\Desktop;
USERNAME=ASUS
OS=Windows_NT
PROCESSOR_IDENTIFIER=AMD64 Family 23 Model 24 Stepping 1, AuthenticAMD



---------------  S Y S T E M  ---------------

OS:
 Windows 10 , 64 bit Build 22621 (10.0.22621.2506)
OS uptime: 0 days 4:25 hours

CPU: total 8 (initial active 8) (8 cores per cpu, 2 threads per core) family 23 model 24 stepping 1 microcode 0x0, cx8, cmov, fxsr, ht, mmx, 3dnowpref, sse, sse2, sse3, ssse3, sse4a, sse4.1, sse4.2, popcnt, lzcnt, tsc, tscinvbit, avx, avx2, aes, clmul, bmi1, bmi2, adx, sha, fma, vzeroupper, clflush, clflushopt

Memory: 4k page, system-wide physical 6091M (425M free)
TotalPageFile size 16091M (AvailPageFile size 1M)
current process WorkingSet (physical memory assigned to process): 67M, peak: 67M
current process commit charge ("private bytes"): 199M, peak: 199M

vm_info: OpenJDK 64-Bit Server VM (17.0.1+12) for windows-amd64 JRE (17.0.1+12), built on Oct 20 2021 07:42:55 by "" with MS VC++ 16.7 (VS2019)

END.
